[INFO  - 2019-06-18T03:13:06.760Z] GhostDriver - Main - running on port 18270
[INFO  - 2019-06-18T03:13:07.724Z] Session [feb6ebc0-9176-11e9-b752-bd05aada170d] - page.settings - {"XSSAuditingEnabled":false,"javascriptCanCloseWindows":true,"javascriptCanOpenWindows":true,"javascriptEnabled":true,"loadImages":true,"localToRemoteUrlAccessEnabled":false,"userAgent":"Mozilla/5.0 (Windows NT 6.2; WOW64) AppleWebKit/538.1 (KHTML, like Gecko) PhantomJS/2.1.1 Safari/538.1","webSecurityEnabled":true}
[INFO  - 2019-06-18T03:13:07.725Z] Session [feb6ebc0-9176-11e9-b752-bd05aada170d] - page.customHeaders:  - {}
[INFO  - 2019-06-18T03:13:07.725Z] Session [feb6ebc0-9176-11e9-b752-bd05aada170d] - Session.negotiatedCapabilities - {"browserName":"phantomjs","version":"2.1.1","driverName":"ghostdriver","driverVersion":"1.2.0","platform":"windows-10-32bit","javascriptEnabled":true,"takesScreenshot":true,"handlesAlerts":false,"databaseEnabled":false,"locationContextEnabled":false,"applicationCacheEnabled":false,"browserConnectionEnabled":false,"cssSelectorsEnabled":true,"webStorageEnabled":false,"rotatable":false,"acceptSslCerts":false,"nativeEvents":true,"proxy":{"proxyType":"direct"}}
[INFO  - 2019-06-18T03:13:07.729Z] SessionManagerReqHand - _postNewSessionCommand - New Session Created: feb6ebc0-9176-11e9-b752-bd05aada170d
[ERROR - 2019-06-18T03:13:09.192Z] Session [feb6ebc0-9176-11e9-b752-bd05aada170d] - page.onError - msg: ReferenceError: Can't find variable: jQuery
[ERROR - 2019-06-18T03:13:09.192Z] Session [feb6ebc0-9176-11e9-b752-bd05aada170d] - page.onError - stack:
  global code (http://seleniumautomationpractice.blogspot.com/2017/10/functionisogramigoogleanalyticsobjectri.html:2747)
[ERROR - 2019-06-18T03:13:09.425Z] Session [feb6ebc0-9176-11e9-b752-bd05aada170d] - page.onError - msg: ReferenceError: Can't find variable: jQuery
[ERROR - 2019-06-18T03:13:09.426Z] Session [feb6ebc0-9176-11e9-b752-bd05aada170d] - page.onError - stack:
  global code (http://seleniumautomationpractice.blogspot.com/2017/10/functionisogramigoogleanalyticsobjectri.html:2899)
[ERROR - 2019-06-18T03:13:09.427Z] Session [feb6ebc0-9176-11e9-b752-bd05aada170d] - page.onError - msg: ReferenceError: Can't find variable: jQuery
[ERROR - 2019-06-18T03:13:09.427Z] Session [feb6ebc0-9176-11e9-b752-bd05aada170d] - page.onError - stack:
  global code (http://seleniumautomationpractice.blogspot.com/2017/10/functionisogramigoogleanalyticsobjectri.html:2927)
[ERROR - 2019-06-18T03:13:09.428Z] Session [feb6ebc0-9176-11e9-b752-bd05aada170d] - page.onError - msg: ReferenceError: Can't find variable: jQuery
[ERROR - 2019-06-18T03:13:09.428Z] Session [feb6ebc0-9176-11e9-b752-bd05aada170d] - page.onError - stack:
  global code (http://seleniumautomationpractice.blogspot.com/2017/10/functionisogramigoogleanalyticsobjectri.html:2955)
[INFO  - 2019-06-18T03:18:06.764Z] SessionManagerReqHand - _cleanupWindowlessSessions - Asynchronous Sessions clean-up phase starting NOW
[INFO  - 2019-06-18T03:23:06.765Z] SessionManagerReqHand - _cleanupWindowlessSessions - Asynchronous Sessions clean-up phase starting NOW
[INFO  - 2019-06-18T03:28:06.765Z] SessionManagerReqHand - _cleanupWindowlessSessions - Asynchronous Sessions clean-up phase starting NOW
[INFO  - 2019-06-18T03:33:06.766Z] SessionManagerReqHand - _cleanupWindowlessSessions - Asynchronous Sessions clean-up phase starting NOW
[INFO  - 2019-06-18T03:38:06.765Z] SessionManagerReqHand - _cleanupWindowlessSessions - Asynchronous Sessions clean-up phase starting NOW
[INFO  - 2019-06-18T03:43:06.765Z] SessionManagerReqHand - _cleanupWindowlessSessions - Asynchronous Sessions clean-up phase starting NOW
[INFO  - 2019-06-18T03:48:06.766Z] SessionManagerReqHand - _cleanupWindowlessSessions - Asynchronous Sessions clean-up phase starting NOW
[INFO  - 2019-06-18T03:53:06.767Z] SessionManagerReqHand - _cleanupWindowlessSessions - Asynchronous Sessions clean-up phase starting NOW
[INFO  - 2019-06-18T05:25:56.507Z] SessionManagerReqHand - _cleanupWindowlessSessions - Asynchronous Sessions clean-up phase starting NOW
[INFO  - 2019-06-18T05:30:56.507Z] SessionManagerReqHand - _cleanupWindowlessSessions - Asynchronous Sessions clean-up phase starting NOW
[INFO  - 2019-06-18T05:48:52.510Z] SessionManagerReqHand - _cleanupWindowlessSessions - Asynchronous Sessions clean-up phase starting NOW
[INFO  - 2019-06-18T05:53:52.514Z] SessionManagerReqHand - _cleanupWindowlessSessions - Asynchronous Sessions clean-up phase starting NOW
[INFO  - 2019-06-18T05:58:52.513Z] SessionManagerReqHand - _cleanupWindowlessSessions - Asynchronous Sessions clean-up phase starting NOW
[INFO  - 2019-06-18T06:03:52.515Z] SessionManagerReqHand - _cleanupWindowlessSessions - Asynchronous Sessions clean-up phase starting NOW
[INFO  - 2019-06-18T06:08:52.525Z] SessionManagerReqHand - _cleanupWindowlessSessions - Asynchronous Sessions clean-up phase starting NOW
[INFO  - 2019-06-18T06:13:52.522Z] SessionManagerReqHand - _cleanupWindowlessSessions - Asynchronous Sessions clean-up phase starting NOW
[INFO  - 2019-06-18T06:18:52.524Z] SessionManagerReqHand - _cleanupWindowlessSessions - Asynchronous Sessions clean-up phase starting NOW
[INFO  - 2019-06-18T07:01:51.528Z] SessionManagerReqHand - _cleanupWindowlessSessions - Asynchronous Sessions clean-up phase starting NOW
[INFO  - 2019-06-18T07:06:51.532Z] SessionManagerReqHand - _cleanupWindowlessSessions - Asynchronous Sessions clean-up phase starting NOW
[INFO  - 2019-06-18T07:11:51.532Z] SessionManagerReqHand - _cleanupWindowlessSessions - Asynchronous Sessions clean-up phase starting NOW
[INFO  - 2019-06-18T07:16:51.532Z] SessionManagerReqHand - _cleanupWindowlessSessions - Asynchronous Sessions clean-up phase starting NOW
[INFO  - 2019-06-18T07:21:51.533Z] SessionManagerReqHand - _cleanupWindowlessSessions - Asynchronous Sessions clean-up phase starting NOW
[INFO  - 2019-06-18T07:26:51.532Z] SessionManagerReqHand - _cleanupWindowlessSessions - Asynchronous Sessions clean-up phase starting NOW
[INFO  - 2019-06-18T07:31:51.532Z] SessionManagerReqHand - _cleanupWindowlessSessions - Asynchronous Sessions clean-up phase starting NOW
[INFO  - 2019-06-18T07:36:51.532Z] SessionManagerReqHand - _cleanupWindowlessSessions - Asynchronous Sessions clean-up phase starting NOW
[INFO  - 2019-06-18T07:41:51.534Z] SessionManagerReqHand - _cleanupWindowlessSessions - Asynchronous Sessions clean-up phase starting NOW
[INFO  - 2019-06-18T07:46:51.537Z] SessionManagerReqHand - _cleanupWindowlessSessions - Asynchronous Sessions clean-up phase starting NOW
[INFO  - 2019-06-18T07:51:51.542Z] SessionManagerReqHand - _cleanupWindowlessSessions - Asynchronous Sessions clean-up phase starting NOW
[INFO  - 2019-06-18T07:56:51.540Z] SessionManagerReqHand - _cleanupWindowlessSessions - Asynchronous Sessions clean-up phase starting NOW
[INFO  - 2019-06-18T08:01:51.542Z] SessionManagerReqHand - _cleanupWindowlessSessions - Asynchronous Sessions clean-up phase starting NOW
[INFO  - 2019-06-18T08:06:51.542Z] SessionManagerReqHand - _cleanupWindowlessSessions - Asynchronous Sessions clean-up phase starting NOW
[INFO  - 2019-06-18T08:11:51.545Z] SessionManagerReqHand - _cleanupWindowlessSessions - Asynchronous Sessions clean-up phase starting NOW
[INFO  - 2019-06-18T08:16:51.545Z] SessionManagerReqHand - _cleanupWindowlessSessions - Asynchronous Sessions clean-up phase starting NOW
[INFO  - 2019-06-18T08:21:51.544Z] SessionManagerReqHand - _cleanupWindowlessSessions - Asynchronous Sessions clean-up phase starting NOW
[INFO  - 2019-06-18T08:26:51.545Z] SessionManagerReqHand - _cleanupWindowlessSessions - Asynchronous Sessions clean-up phase starting NOW
[INFO  - 2019-06-18T08:31:51.546Z] SessionManagerReqHand - _cleanupWindowlessSessions - Asynchronous Sessions clean-up phase starting NOW
[INFO  - 2019-06-18T08:36:51.545Z] SessionManagerReqHand - _cleanupWindowlessSessions - Asynchronous Sessions clean-up phase starting NOW
[INFO  - 2019-06-18T09:04:41.523Z] SessionManagerReqHand - _cleanupWindowlessSessions - Asynchronous Sessions clean-up phase starting NOW
[INFO  - 2019-06-18T09:09:41.524Z] SessionManagerReqHand - _cleanupWindowlessSessions - Asynchronous Sessions clean-up phase starting NOW
[INFO  - 2019-06-18T09:14:41.535Z] SessionManagerReqHand - _cleanupWindowlessSessions - Asynchronous Sessions clean-up phase starting NOW
[INFO  - 2019-06-18T09:19:41.535Z] SessionManagerReqHand - _cleanupWindowlessSessions - Asynchronous Sessions clean-up phase starting NOW
[INFO  - 2019-06-18T09:24:41.533Z] SessionManagerReqHand - _cleanupWindowlessSessions - Asynchronous Sessions clean-up phase starting NOW
[INFO  - 2019-06-18T09:29:41.533Z] SessionManagerReqHand - _cleanupWindowlessSessions - Asynchronous Sessions clean-up phase starting NOW
[INFO  - 2019-06-18T09:34:41.534Z] SessionManagerReqHand - _cleanupWindowlessSessions - Asynchronous Sessions clean-up phase starting NOW
[INFO  - 2019-06-18T09:39:41.533Z] SessionManagerReqHand - _cleanupWindowlessSessions - Asynchronous Sessions clean-up phase starting NOW
[INFO  - 2019-06-18T09:44:41.534Z] SessionManagerReqHand - _cleanupWindowlessSessions - Asynchronous Sessions clean-up phase starting NOW
[INFO  - 2019-06-18T09:49:41.533Z] SessionManagerReqHand - _cleanupWindowlessSessions - Asynchronous Sessions clean-up phase starting NOW
[INFO  - 2019-06-18T09:54:41.535Z] SessionManagerReqHand - _cleanupWindowlessSessions - Asynchronous Sessions clean-up phase starting NOW
[INFO  - 2019-06-18T09:59:41.535Z] SessionManagerReqHand - _cleanupWindowlessSessions - Asynchronous Sessions clean-up phase starting NOW
